[2023-05-25 02:35:56,394] multiqc                                            [DEBUG  ]  This is MultiQC v1.14
[2023-05-25 02:35:56,394] multiqc                                            [DEBUG  ]  Command used: /home/bioinformatikai/.local/bin/multiqc /home/bioinformatikai/HW2/inputs/trimmed/ERR204044_1_val_1_fastqc.html /home/bioinformatikai/HW2/inputs/trimmed/ERR204044_1_val_1_fastqc.zip /home/bioinformatikai/HW2/inputs/trimmed/ERR204044_2_val_2_fastqc.html /home/bioinformatikai/HW2/inputs/trimmed/ERR204044_2_val_2_fastqc.zip /home/bioinformatikai/HW2/inputs/trimmed/SRR15131330_1_val_1_fastqc.html /home/bioinformatikai/HW2/inputs/trimmed/SRR15131330_1_val_1_fastqc.zip /home/bioinformatikai/HW2/inputs/trimmed/SRR15131330_2_val_2_fastqc.html /home/bioinformatikai/HW2/inputs/trimmed/SRR15131330_2_val_2_fastqc.zip /home/bioinformatikai/HW2/inputs/trimmed/SRR18214264_1_val_1_fastqc.html /home/bioinformatikai/HW2/inputs/trimmed/SRR18214264_1_val_1_fastqc.zip /home/bioinformatikai/HW2/inputs/trimmed/SRR18214264_2_val_2_fastqc.html /home/bioinformatikai/HW2/inputs/trimmed/SRR18214264_2_val_2_fastqc.zip /home/bioinformatikai/HW2/outputs/raw_data/ERR204044_1_fastqc.html /home/bioinformatikai/HW2/outputs/raw_data/ERR204044_1_fastqc.zip /home/bioinformatikai/HW2/outputs/raw_data/ERR204044_2_fastqc.html /home/bioinformatikai/HW2/outputs/raw_data/ERR204044_2_fastqc.zip /home/bioinformatikai/HW2/outputs/raw_data/SRR15131330_1_fastqc.html /home/bioinformatikai/HW2/outputs/raw_data/SRR15131330_1_fastqc.zip /home/bioinformatikai/HW2/outputs/raw_data/SRR15131330_2_fastqc.html /home/bioinformatikai/HW2/outputs/raw_data/SRR15131330_2_fastqc.zip /home/bioinformatikai/HW2/outputs/raw_data/SRR18214264_1_fastqc.html /home/bioinformatikai/HW2/outputs/raw_data/SRR18214264_1_fastqc.zip /home/bioinformatikai/HW2/outputs/raw_data/SRR18214264_2_fastqc.html /home/bioinformatikai/HW2/outputs/raw_data/SRR18214264_2_fastqc.zip
[2023-05-25 02:35:56,947] multiqc                                            [DEBUG  ]  Latest MultiQC version is v1.14
[2023-05-25 02:35:56,948] multiqc                                            [DEBUG  ]  Working dir : /home/bioinformatikai/HW2/code/BST_antras_nd
[2023-05-25 02:35:56,948] multiqc                                            [DEBUG  ]  Template    : default
[2023-05-25 02:35:56,948] multiqc                                            [DEBUG  ]  Running Python 3.10.6 (main, Nov 14 2022, 16:10:14) [GCC 11.3.0]
[2023-05-25 02:35:56,949] multiqc                                            [DEBUG  ]  Analysing modules: custom_content, ccs, ngsderive, purple, conpair, lima, peddy, somalier, methylQA, mosdepth, phantompeakqualtools, qualimap, preseq, hifiasm, quast, qorts, rna_seqc, rockhopper, rsem, rseqc, busco, bustools, goleft_indexcov, gffcompare, disambiguate, supernova, deeptools, sargasso, verifybamid, mirtrace, happy, mirtop, sambamba, gopeaks, homer, hops, macs2, theta2, snpeff, gatk, htseq, bcftools, featureCounts, fgbio, dragen, dragen_fastqc, dedup, pbmarkdup, damageprofiler, biobambam2, jcvi, mtnucratio, picard, vep, sentieon, prokka, qc3C, nanostat, samblaster, samtools, sexdeterrmine, eigenstratdatabasetools, bamtools, jellyfish, vcftools, longranger, stacks, varscan2, snippy, umitools, bbmap, bismark, biscuit, diamond, hicexplorer, hicup, hicpro, salmon, kallisto, slamdunk, star, hisat2, tophat, bowtie2, bowtie1, cellranger, snpsplit, odgi, pangolin, nextclade, humid, kat, leehom, adapterRemoval, bbduk, clipandmerge, cutadapt, flexbar, kaiju, kraken, malt, motus, trimmomatic, sickle, skewer, sortmerna, biobloomtools, fastq_screen, afterqc, fastp, fastqc, filtlong, prinseqplusplus, pychopper, porechop, pycoqc, minionqc, anglerfish, multivcfanalyzer, clusterflow, checkqc, bcl2fastq, bclconvert, interop, ivar, flash, seqyclean, optitype, whatshap
[2023-05-25 02:35:56,949] multiqc                                            [DEBUG  ]  Using temporary directory for creating report: /tmp/tmpkleg8nr_
[2023-05-25 02:35:57,031] multiqc                                            [INFO   ]  Search path : /home/bioinformatikai/HW2/inputs/trimmed/ERR204044_1_val_1_fastqc.html
[2023-05-25 02:35:57,031] multiqc                                            [INFO   ]  Search path : /home/bioinformatikai/HW2/inputs/trimmed/ERR204044_1_val_1_fastqc.zip
[2023-05-25 02:35:57,031] multiqc                                            [INFO   ]  Search path : /home/bioinformatikai/HW2/inputs/trimmed/ERR204044_2_val_2_fastqc.html
[2023-05-25 02:35:57,031] multiqc                                            [INFO   ]  Search path : /home/bioinformatikai/HW2/inputs/trimmed/ERR204044_2_val_2_fastqc.zip
[2023-05-25 02:35:57,031] multiqc                                            [INFO   ]  Search path : /home/bioinformatikai/HW2/inputs/trimmed/SRR15131330_1_val_1_fastqc.html
[2023-05-25 02:35:57,031] multiqc                                            [INFO   ]  Search path : /home/bioinformatikai/HW2/inputs/trimmed/SRR15131330_1_val_1_fastqc.zip
[2023-05-25 02:35:57,031] multiqc                                            [INFO   ]  Search path : /home/bioinformatikai/HW2/inputs/trimmed/SRR15131330_2_val_2_fastqc.html
[2023-05-25 02:35:57,032] multiqc                                            [INFO   ]  Search path : /home/bioinformatikai/HW2/inputs/trimmed/SRR15131330_2_val_2_fastqc.zip
[2023-05-25 02:35:57,032] multiqc                                            [INFO   ]  Search path : /home/bioinformatikai/HW2/inputs/trimmed/SRR18214264_1_val_1_fastqc.html
[2023-05-25 02:35:57,032] multiqc                                            [INFO   ]  Search path : /home/bioinformatikai/HW2/inputs/trimmed/SRR18214264_1_val_1_fastqc.zip
[2023-05-25 02:35:57,032] multiqc                                            [INFO   ]  Search path : /home/bioinformatikai/HW2/inputs/trimmed/SRR18214264_2_val_2_fastqc.html
[2023-05-25 02:35:57,032] multiqc                                            [INFO   ]  Search path : /home/bioinformatikai/HW2/inputs/trimmed/SRR18214264_2_val_2_fastqc.zip
[2023-05-25 02:35:57,032] multiqc                                            [INFO   ]  Search path : /home/bioinformatikai/HW2/outputs/raw_data/ERR204044_1_fastqc.html
[2023-05-25 02:35:57,032] multiqc                                            [INFO   ]  Search path : /home/bioinformatikai/HW2/outputs/raw_data/ERR204044_1_fastqc.zip
[2023-05-25 02:35:57,032] multiqc                                            [INFO   ]  Search path : /home/bioinformatikai/HW2/outputs/raw_data/ERR204044_2_fastqc.html
[2023-05-25 02:35:57,032] multiqc                                            [INFO   ]  Search path : /home/bioinformatikai/HW2/outputs/raw_data/ERR204044_2_fastqc.zip
[2023-05-25 02:35:57,032] multiqc                                            [INFO   ]  Search path : /home/bioinformatikai/HW2/outputs/raw_data/SRR15131330_1_fastqc.html
[2023-05-25 02:35:57,032] multiqc                                            [INFO   ]  Search path : /home/bioinformatikai/HW2/outputs/raw_data/SRR15131330_1_fastqc.zip
[2023-05-25 02:35:57,032] multiqc                                            [INFO   ]  Search path : /home/bioinformatikai/HW2/outputs/raw_data/SRR15131330_2_fastqc.html
[2023-05-25 02:35:57,032] multiqc                                            [INFO   ]  Search path : /home/bioinformatikai/HW2/outputs/raw_data/SRR15131330_2_fastqc.zip
[2023-05-25 02:35:57,032] multiqc                                            [INFO   ]  Search path : /home/bioinformatikai/HW2/outputs/raw_data/SRR18214264_1_fastqc.html
[2023-05-25 02:35:57,032] multiqc                                            [INFO   ]  Search path : /home/bioinformatikai/HW2/outputs/raw_data/SRR18214264_1_fastqc.zip
[2023-05-25 02:35:57,032] multiqc                                            [INFO   ]  Search path : /home/bioinformatikai/HW2/outputs/raw_data/SRR18214264_2_fastqc.html
[2023-05-25 02:35:57,032] multiqc                                            [INFO   ]  Search path : /home/bioinformatikai/HW2/outputs/raw_data/SRR18214264_2_fastqc.zip
[2023-05-25 02:35:57,564] multiqc                                            [DEBUG  ]  Summary of files that were skipped by the search: [skipped_module_specific_max_filesize: 132] // [skipped_no_match: 12]
[2023-05-25 02:35:58,522] multiqc.plots.bargraph                             [DEBUG  ]  Using matplotlib version 3.5.1
[2023-05-25 02:35:58,523] multiqc.plots.linegraph                            [DEBUG  ]  Using matplotlib version 3.5.1
[2023-05-25 02:35:58,523] multiqc                                            [DEBUG  ]  No samples found: custom_content
[2023-05-25 02:35:58,606] multiqc.modules.fastqc.fastqc                      [INFO   ]  Found 12 reports
[2023-05-25 02:35:58,836] multiqc                                            [INFO   ]  Compressing plot data
[2023-05-25 02:35:58,967] multiqc                                            [INFO   ]  Report      : multiqc_report.html
[2023-05-25 02:35:58,967] multiqc                                            [INFO   ]  Data        : multiqc_data
[2023-05-25 02:35:58,967] multiqc                                            [DEBUG  ]  Moving data file from '/tmp/tmpkleg8nr_/multiqc_data' to '/home/bioinformatikai/HW2/code/BST_antras_nd/multiqc_data'
[2023-05-25 02:35:59,123] multiqc                                            [INFO   ]  MultiQC complete
